#
# There is insufficient memory for the Java Runtime Environment to continue.
# Native memory allocation (mmap) failed to map 3145728 bytes. Error detail: G1 virtual space
# Possible reasons:
#   The system is out of physical RAM or swap space
#   This process is running with CompressedOops enabled, and the Java Heap may be blocking the growth of the native heap
# Possible solutions:
#   Reduce memory load on the system
#   Increase physical memory or swap space
#   Check if swap backing store is full
#   Decrease Java heap size (-Xmx/-Xms)
#   Decrease number of Java threads
#   Decrease Java thread stack sizes (-Xss)
#   Set larger code cache with -XX:ReservedCodeCacheSize=
#   JVM is running with Unscaled Compressed Oops mode in which the Java heap is
#     placed in the first 4GB address space. The Java Heap base address is the
#     maximum limit for the native heap growth. Please use -XX:HeapBaseMinAddress
#     to set the Java Heap base and to place the Java Heap above 4GB virtual address.
# This output file may be truncated or incomplete.
#
#  Out of Memory Error (os_windows.cpp:3925), pid=9496, tid=14448
#
# JRE version: OpenJDK Runtime Environment (21.0.8) (build 21.0.8+-14196175-b1038.72)
# Java VM: OpenJDK 64-Bit Server VM (21.0.8+-14196175-b1038.72, mixed mode, emulated-client, tiered, compressed oops, compressed class ptrs, g1 gc, windows-amd64)
# No core dump will be written. Minidumps are not enabled by default on client versions of Windows
#

---------------  S U M M A R Y ------------

Command Line: -XX:TieredStopAtLevel=1 rs.getgo.backend.GetGoBeApplication

Host: AMD Ryzen 5 5500U with Radeon Graphics         , 12 cores, 5G,  Windows 11 , 64 bit Build 26100 (10.0.26100.7623)
Time: Sun Jan 25 19:56:16 2026 Central Europe Standard Time elapsed time: 28.570770 seconds (0d 0h 0m 28s)

---------------  T H R E A D  ---------------

Current thread (0x00000230001f5fd0):  VMThread "VM Thread"          [id=14448, stack(0x0000006bdc900000,0x0000006bdca00000) (1024K)]

Stack: [0x0000006bdc900000,0x0000006bdca00000]
Native frames: (J=compiled Java code, j=interpreted, Vv=VM code, C=native code)
V  [jvm.dll+0x6d68d9]
V  [jvm.dll+0x866693]
V  [jvm.dll+0x868c4e]
V  [jvm.dll+0x869333]
V  [jvm.dll+0x280566]
V  [jvm.dll+0x6d3195]
V  [jvm.dll+0x6c69ea]
V  [jvm.dll+0x3586db]
V  [jvm.dll+0x360336]
V  [jvm.dll+0x3b23f6]
V  [jvm.dll+0x3b26c8]
V  [jvm.dll+0x32ae6c]
V  [jvm.dll+0x32d806]
V  [jvm.dll+0x3376dd]
V  [jvm.dll+0x36ee15]
V  [jvm.dll+0x86f0b8]
V  [jvm.dll+0x870434]
V  [jvm.dll+0x870970]
V  [jvm.dll+0x870c03]
V  [jvm.dll+0x80eac8]
V  [jvm.dll+0x6d512d]
C  [ucrtbase.dll+0x37b0]
C  [KERNEL32.DLL+0x2e8d7]
C  [ntdll.dll+0x8c53c]

VM_Operation (0x0000006bdc4ff300): G1PauseRemark, mode: safepoint, requested by thread 0x0000023075207d00


---------------  P R O C E S S  ---------------

Threads class SMR info:
_java_thread_list=0x00000230057316b0, length=20, elements={
0x0000023072e49f80, 0x000002300023ecf0, 0x00000230002561c0, 0x00000230002578b0,
0x000002300026a8f0, 0x000002300026b350, 0x000002300026d490, 0x0000023000273f60,
0x0000023000270a70, 0x00000230003f6180, 0x0000023000cc9b30, 0x0000023000cca1a0,
0x0000023005f63470, 0x0000023005f63ae0, 0x0000023005dffc20, 0x0000023005645b50,
0x0000023000aba3b0, 0x0000023006908c00, 0x0000023000a85c80, 0x0000023006b7dc10
}

Java Threads: ( => current thread )
  0x0000023072e49f80 JavaThread "main"                              [_thread_blocked, id=3680, stack(0x0000006bdc200000,0x0000006bdc300000) (1024K)]
  0x000002300023ecf0 JavaThread "Common-Cleaner"             daemon [_thread_blocked, id=20208, stack(0x0000006bdca00000,0x0000006bdcb00000) (1024K)]
  0x00000230002561c0 JavaThread "Reference Handler"          daemon [_thread_blocked, id=19472, stack(0x0000006bdcb00000,0x0000006bdcc00000) (1024K)]
  0x00000230002578b0 JavaThread "Finalizer"                  daemon [_thread_blocked, id=16288, stack(0x0000006bdcc00000,0x0000006bdcd00000) (1024K)]
  0x000002300026a8f0 JavaThread "Signal Dispatcher"          daemon [_thread_blocked, id=9740, stack(0x0000006bdcd00000,0x0000006bdce00000) (1024K)]
  0x000002300026b350 JavaThread "Attach Listener"            daemon [_thread_blocked, id=13928, stack(0x0000006bdce00000,0x0000006bdcf00000) (1024K)]
  0x000002300026d490 JavaThread "Service Thread"             daemon [_thread_blocked, id=5304, stack(0x0000006bdcf00000,0x0000006bdd000000) (1024K)]
  0x0000023000273f60 JavaThread "Monitor Deflation Thread"   daemon [_thread_blocked, id=15564, stack(0x0000006bdd000000,0x0000006bdd100000) (1024K)]
  0x0000023000270a70 JavaThread "C1 CompilerThread0"         daemon [_thread_blocked, id=4988, stack(0x0000006bdd100000,0x0000006bdd200000) (1024K)]
  0x00000230003f6180 JavaThread "Notification Thread"        daemon [_thread_blocked, id=7652, stack(0x0000006bdd200000,0x0000006bdd300000) (1024K)]
  0x0000023000cc9b30 JavaThread "Thread-0"                          [_thread_blocked, id=7776, stack(0x0000006bdd300000,0x0000006bdd400000) (1024K)]
  0x0000023000cca1a0 JavaThread "restartedMain"                     [_thread_blocked, id=17992, stack(0x0000006bdd400000,0x0000006bdd500000) (1024K)]
  0x0000023005f63470 JavaThread "Catalina-utility-1"                [_thread_blocked, id=4736, stack(0x0000006bdda00000,0x0000006bddb00000) (1024K)]
  0x0000023005f63ae0 JavaThread "Catalina-utility-2"                [_thread_blocked, id=19748, stack(0x0000006bde100000,0x0000006bde200000) (1024K)]
  0x0000023005dffc20 JavaThread "container-0"                       [_thread_blocked, id=11860, stack(0x0000006bde200000,0x0000006bde300000) (1024K)]
  0x0000023005645b50 JavaThread "PostgreSQL-JDBC-Cleaner"    daemon [_thread_blocked, id=12160, stack(0x0000006bde400000,0x0000006bde500000) (1024K)]
  0x0000023000aba3b0 JavaThread "HikariPool-1 housekeeper"   daemon [_thread_blocked, id=18892, stack(0x0000006bde500000,0x0000006bde600000) (1024K)]
  0x0000023006908c00 JavaThread "HikariPool-1 connection adder" daemon [_thread_blocked, id=19692, stack(0x0000006bde600000,0x0000006bde700000) (1024K)]
  0x0000023000a85c80 JavaThread "C1 CompilerThread1"         daemon [_thread_blocked, id=9956, stack(0x0000006bde700000,0x0000006bde800000) (1024K)]
  0x0000023006b7dc10 JavaThread "C1 CompilerThread2"         daemon [_thread_blocked, id=10752, stack(0x0000006bde800000,0x0000006bde900000) (1024K)]
Total: 20

Other Threads:
=>0x00000230001f5fd0 VMThread "VM Thread"                           [id=14448, stack(0x0000006bdc900000,0x0000006bdca00000) (1024K)]
  0x0000023000160b20 WatcherThread "VM Periodic Task Thread"        [id=11212, stack(0x0000006bdc800000,0x0000006bdc900000) (1024K)]
  0x00000230751fb160 WorkerThread "GC Thread#0"                     [id=17484, stack(0x0000006bdc300000,0x0000006bdc400000) (1024K)]
  0x0000023000d33620 WorkerThread "GC Thread#1"                     [id=14436, stack(0x0000006bdd500000,0x0000006bdd600000) (1024K)]
  0x0000023000d038a0 WorkerThread "GC Thread#2"                     [id=388, stack(0x0000006bdd600000,0x0000006bdd700000) (1024K)]
  0x0000023000d04040 WorkerThread "GC Thread#3"                     [id=8276, stack(0x0000006bdd700000,0x0000006bdd800000) (1024K)]
  0x0000023000d043e0 WorkerThread "GC Thread#4"                     [id=19508, stack(0x0000006bdd800000,0x0000006bdd900000) (1024K)]
  0x0000023000d04780 WorkerThread "GC Thread#5"                     [id=4384, stack(0x0000006bdd900000,0x0000006bdda00000) (1024K)]
  0x000002300518b7d0 WorkerThread "GC Thread#6"                     [id=18676, stack(0x0000006bddb00000,0x0000006bddc00000) (1024K)]
  0x0000023005189e70 WorkerThread "GC Thread#7"                     [id=4516, stack(0x0000006bddc00000,0x0000006bddd00000) (1024K)]
  0x000002300518a210 WorkerThread "GC Thread#8"                     [id=18084, stack(0x0000006bddd00000,0x0000006bdde00000) (1024K)]
  0x000002300518acf0 WorkerThread "GC Thread#9"                     [id=4608, stack(0x0000006bde000000,0x0000006bde100000) (1024K)]
  0x0000023075207d00 ConcurrentGCThread "G1 Main Marker"            [id=14848, stack(0x0000006bdc400000,0x0000006bdc500000) (1024K)]
  0x000002307520ac90 WorkerThread "G1 Conc#0"                       [id=5488, stack(0x0000006bdc500000,0x0000006bdc600000) (1024K)]
  0x000002300518b090 WorkerThread "G1 Conc#1"                       [id=10604, stack(0x0000006bdde00000,0x0000006bddf00000) (1024K)]
  0x000002300518a5b0 WorkerThread "G1 Conc#2"                       [id=16516, stack(0x0000006bddf00000,0x0000006bde000000) (1024K)]
  0x000002300002d130 ConcurrentGCThread "G1 Refine#0"               [id=7584, stack(0x0000006bdc600000,0x0000006bdc700000) (1024K)]
  0x000002300002da50 ConcurrentGCThread "G1 Service"                [id=4704, stack(0x0000006bdc700000,0x0000006bdc800000) (1024K)]
Total: 18

Threads with active compile tasks:
C1 CompilerThread1  28779 5499       1       org.hibernate.mapping.Property::getName (5 bytes)
Total: 1

VM state: at safepoint (normal execution)

VM Mutex/Monitor currently owned by a thread:  ([mutex/lock_event])
[0x00007ffaaf7885b8] Threads_lock - owner thread: 0x00000230001f5fd0
[0x00007ffaaf7886b8] Heap_lock - owner thread: 0x0000023075207d00

Heap address: 0x00000000a2200000, size: 1502 MB, Compressed Oops mode: 32-bit

CDS archive(s) not mapped
Compressed class space mapped at: 0x0000000100000000-0x0000000140000000, reserved size: 1073741824
Narrow klass base: 0x0000000000000000, Narrow klass shift: 3, Narrow klass range: 0x140000000

GC Precious Log:
 CardTable entry size: 512
 Card Set container configuration: InlinePtr #cards 5 size 8 Array Of Cards #cards 12 size 40 Howl #buckets 4 coarsen threshold 1843 Howl Bitmap #cards 512 size 80 coarsen threshold 460 Card regions per heap region 1 cards per card region 2048
 CPUs: 12 total, 12 available
 Memory: 6005M
 Large Page Support: Disabled
 NUMA Support: Disabled
 Compressed Oops: Enabled (32-bit)
 Heap Region Size: 1M
 Heap Min Capacity: 8M
 Heap Initial Capacity: 94M
 Heap Max Capacity: 1502M
 Pre-touch: Disabled
 Parallel Workers: 10
 Concurrent Workers: 3
 Concurrent Refinement Workers: 10
 Periodic GC: Disabled

Heap:
 garbage-first heap   total 43008K, used 26913K [0x00000000a2200000, 0x0000000100000000)
  region size 1024K, 2 young (2048K), 1 survivors (1024K)
 Metaspace       used 59176K, committed 59712K, reserved 1114112K
  class space    used 8118K, committed 8384K, reserved 1048576K

Heap Regions: E=young(eden), S=young(survivor), O=old, HS=humongous(starts), HC=humongous(continues), CS=collection set, F=free, TAMS=top-at-mark-start, PB=parsable bottom
|   0|0x00000000a2200000, 0x00000000a2300000, 0x00000000a2300000|100%|HS|  |TAMS 0x00000000a2300000| PB 0x00000000a2200000| Complete 
|   1|0x00000000a2300000, 0x00000000a2400000, 0x00000000a2400000|100%| O|  |TAMS 0x00000000a2400000| PB 0x00000000a2400000| Untracked 
|   2|0x00000000a2400000, 0x00000000a2500000, 0x00000000a2500000|100%| O|  |TAMS 0x00000000a2500000| PB 0x00000000a2500000| Untracked 
|   3|0x00000000a2500000, 0x00000000a2600000, 0x00000000a2600000|100%| O|  |TAMS 0x00000000a2600000| PB 0x00000000a2600000| Untracked 
|   4|0x00000000a2600000, 0x00000000a2700000, 0x00000000a2700000|100%| O|  |TAMS 0x00000000a2700000| PB 0x00000000a2700000| Untracked 
|   5|0x00000000a2700000, 0x00000000a2800000, 0x00000000a2800000|100%| O|  |TAMS 0x00000000a2800000| PB 0x00000000a2800000| Untracked 
|   6|0x00000000a2800000, 0x00000000a2900000, 0x00000000a2900000|100%| O|  |TAMS 0x00000000a2900000| PB 0x00000000a2900000| Untracked 
|   7|0x00000000a2900000, 0x00000000a2a00000, 0x00000000a2a00000|100%| O|  |TAMS 0x00000000a2a00000| PB 0x00000000a2a00000| Updating 
|   8|0x00000000a2a00000, 0x00000000a2b00000, 0x00000000a2b00000|100%| O|  |TAMS 0x00000000a2b00000| PB 0x00000000a2b00000| Untracked 
|   9|0x00000000a2b00000, 0x00000000a2c00000, 0x00000000a2c00000|100%| O|  |TAMS 0x00000000a2c00000| PB 0x00000000a2c00000| Updating 
|  10|0x00000000a2c00000, 0x00000000a2d00000, 0x00000000a2d00000|100%| O|  |TAMS 0x00000000a2d00000| PB 0x00000000a2d00000| Untracked 
|  11|0x00000000a2d00000, 0x00000000a2e00000, 0x00000000a2e00000|100%| O|  |TAMS 0x00000000a2e00000| PB 0x00000000a2e00000| Untracked 
|  12|0x00000000a2e00000, 0x00000000a2f00000, 0x00000000a2f00000|100%| O|  |TAMS 0x00000000a2f00000| PB 0x00000000a2f00000| Updating 
|  13|0x00000000a2f00000, 0x00000000a3000000, 0x00000000a3000000|100%| O|  |TAMS 0x00000000a3000000| PB 0x00000000a3000000| Untracked 
|  14|0x00000000a3000000, 0x00000000a3100000, 0x00000000a3100000|100%| O|  |TAMS 0x00000000a3000000| PB 0x00000000a3000000| Untracked 
|  15|0x00000000a3100000, 0x00000000a3200000, 0x00000000a3200000|100%| O|  |TAMS 0x00000000a3200000| PB 0x00000000a3200000| Updating 
|  16|0x00000000a3200000, 0x00000000a3300000, 0x00000000a3300000|100%| O|  |TAMS 0x00000000a3300000| PB 0x00000000a3300000| Updating 
|  17|0x00000000a3300000, 0x00000000a3400000, 0x00000000a3400000|100%| O|  |TAMS 0x00000000a3400000| PB 0x00000000a3400000| Updating 
|  18|0x00000000a3400000, 0x00000000a3500000, 0x00000000a3500000|100%| O|  |TAMS 0x00000000a3500000| PB 0x00000000a3500000| Untracked 
|  19|0x00000000a3500000, 0x00000000a3600000, 0x00000000a3600000|100%| O|  |TAMS 0x00000000a3600000| PB 0x00000000a3600000| Untracked 
|  20|0x00000000a3600000, 0x00000000a3700000, 0x00000000a3700000|100%| O|  |TAMS 0x00000000a3700000| PB 0x00000000a3700000| Updating 
|  21|0x00000000a3700000, 0x00000000a3800000, 0x00000000a3800000|100%| O|  |TAMS 0x00000000a3800000| PB 0x00000000a3800000| Untracked 
|  22|0x00000000a3800000, 0x00000000a3900000, 0x00000000a3900000|100%| O|  |TAMS 0x00000000a3900000| PB 0x00000000a3900000| Untracked 
|  23|0x00000000a3900000, 0x00000000a3a00000, 0x00000000a3a00000|100%| O|  |TAMS 0x00000000a3a00000| PB 0x00000000a3a00000| Updating 
|  24|0x00000000a3a00000, 0x00000000a3b00000, 0x00000000a3b00000|100%| O|  |TAMS 0x00000000a3ab5048| PB 0x00000000a3ab5048| Untracked 
|  25|0x00000000a3b00000, 0x00000000a3bb0348, 0x00000000a3c00000| 68%| O|  |TAMS 0x00000000a3b00000| PB 0x00000000a3b00000| Updating 
|  26|0x00000000a3c00000, 0x00000000a3c00000, 0x00000000a3d00000|  0%| F|  |TAMS 0x00000000a3c00000| PB 0x00000000a3c00000| Untracked 
|  27|0x00000000a3d00000, 0x00000000a3d00000, 0x00000000a3e00000|  0%| F|  |TAMS 0x00000000a3d00000| PB 0x00000000a3d00000| Untracked 
|  28|0x00000000a3e00000, 0x00000000a3e00000, 0x00000000a3f00000|  0%| F|  |TAMS 0x00000000a3e00000| PB 0x00000000a3e00000| Untracked 
|  29|0x00000000a3f00000, 0x00000000a3f98280, 0x00000000a4000000| 59%| S|CS|TAMS 0x00000000a3f00000| PB 0x00000000a3f00000| Complete 
|  30|0x00000000a4000000, 0x00000000a4000000, 0x00000000a4100000|  0%| F|  |TAMS 0x00000000a4000000| PB 0x00000000a4000000| Untracked 
|  31|0x00000000a4100000, 0x00000000a4100000, 0x00000000a4200000|  0%| F|  |TAMS 0x00000000a4100000| PB 0x00000000a4100000| Untracked 
|  32|0x00000000a4200000, 0x00000000a4200000, 0x00000000a4300000|  0%| F|  |TAMS 0x00000000a4200000| PB 0x00000000a4200000| Untracked 
|  33|0x00000000a4300000, 0x00000000a4300000, 0x00000000a4400000|  0%| F|  |TAMS 0x00000000a4300000| PB 0x00000000a4300000| Untracked 
|  34|0x00000000a4400000, 0x00000000a4400000, 0x00000000a4500000|  0%| F|  |TAMS 0x00000000a4400000| PB 0x00000000a4400000| Untracked 
|  35|0x00000000a4500000, 0x00000000a4500000, 0x00000000a4600000|  0%| F|  |TAMS 0x00000000a4500000| PB 0x00000000a4500000| Untracked 
|  36|0x00000000a4600000, 0x00000000a4600000, 0x00000000a4700000|  0%| F|  |TAMS 0x00000000a4600000| PB 0x00000000a4600000| Untracked 
|  37|0x00000000a4700000, 0x00000000a4700000, 0x00000000a4800000|  0%| F|  |TAMS 0x00000000a4700000| PB 0x00000000a4700000| Untracked 
|  87|0x00000000a7900000, 0x00000000a7900000, 0x00000000a7a00000|  0%| F|  |TAMS 0x00000000a7900000| PB 0x00000000a7900000| Untracked 
|  88|0x00000000a7a00000, 0x00000000a7a00000, 0x00000000a7b00000|  0%| F|  |TAMS 0x00000000a7a00000| PB 0x00000000a7a00000| Untracked 
|  89|0x00000000a7b00000, 0x00000000a7b00000, 0x00000000a7c00000|  0%| F|  |TAMS 0x00000000a7b00000| PB 0x00000000a7b00000| Untracked 
|  93|0x00000000a7f00000, 0x00000000a7fe4158, 0x00000000a8000000| 89%| E|  |TAMS 0x00000000a7f00000| PB 0x00000000a7f00000| Complete 

Card table byte_map: [0x000002307b930000,0x000002307bc20000] _byte_map_base: 0x000002307b41f000

Marking Bits: (CMBitMap*) 0x00000230751fb860
 Bits: [0x000002307bc20000, 0x000002307d398000)

Polling page: 0x0000023072f40000

Metaspace:

Usage:
  Non-class:     49.86 MB used.
      Class:      7.93 MB used.
       Both:     57.79 MB used.

Virtual space:
  Non-class space:       64.00 MB reserved,      50.12 MB ( 78%) committed,  1 nodes.
      Class space:        1.00 GB reserved,       8.19 MB ( <1%) committed,  1 nodes.
             Both:        1.06 GB reserved,      58.31 MB (  5%) committed. 

Chunk freelists:
   Non-Class:  13.09 MB
       Class:  7.75 MB
        Both:  20.84 MB

MaxMetaspaceSize: unlimited
CompressedClassSpaceSize: 1.00 GB
Initial GC threshold: 21.00 MB
Current GC threshold: 88.44 MB
CDS: off
 - commit_granule_bytes: 65536.
 - commit_granule_words: 8192.
 - virtual_space_node_default_size: 8388608.
 - enlarge_chunks_in_place: 1.
 - use_allocation_guard: 0.


Internal statistics:

num_allocs_failed_limit: 6.
num_arena_births: 676.
num_arena_deaths: 50.
num_vsnodes_births: 2.
num_vsnodes_deaths: 0.
num_space_committed: 933.
num_space_uncommitted: 0.
num_chunks_returned_to_freelist: 67.
num_chunks_taken_from_freelist: 2549.
num_chunk_merges: 13.
num_chunk_splits: 1787.
num_chunks_enlarged: 1372.
num_inconsistent_stats: 0.

CodeCache: size=49152Kb used=10762Kb max_used=10770Kb free=38389Kb
 bounds [0x0000023078300000, 0x0000023078d90000, 0x000002307b300000]
 total_blobs=6040, nmethods=5426, adapters=536, full_count=0
Compilation: enabled, stopped_count=0, restarted_count=0

Compilation events (20 events):
Event: 26.428 Thread 0x0000023000270a70 nmethod 5489 0x0000023078d7f390 code [0x0000023078d7f520, 0x0000023078d7f5f0]
Event: 26.429 Thread 0x0000023000a85c80 5490       1       org.hibernate.validator.internal.metadata.aggregated.PropertyMetaData$Builder::build (5 bytes)
Event: 26.429 Thread 0x0000023000270a70 5491       1       org.hibernate.validator.internal.metadata.aggregated.PropertyMetaData$Builder::build (69 bytes)
Event: 26.429 Thread 0x0000023000a85c80 nmethod 5490 0x0000023078d7f690 code [0x0000023078d7f840, 0x0000023078d7f928]
Event: 26.429 Thread 0x0000023006b7dc10 5492       1       org.hibernate.validator.internal.metadata.aggregated.PropertyMetaData::<init> (68 bytes)
Event: 26.429 Thread 0x0000023000a85c80 5493       1       org.hibernate.validator.internal.metadata.aggregated.PropertyMetaData::getKind (4 bytes)
Event: 26.429 Thread 0x0000023000a85c80 nmethod 5493 0x0000023078d7fa10 code [0x0000023078d7fba0, 0x0000023078d7fc70]
Event: 26.430 Thread 0x0000023006b7dc10 nmethod 5492 0x0000023078d7fd10 code [0x0000023078d7ff00, 0x0000023078d801a8]
Event: 26.430 Thread 0x0000023006b7dc10 5494       1       org.hibernate.validator.internal.util.ReflectionHelper::internalBoxedType (32 bytes)
Event: 26.430 Thread 0x0000023000a85c80 5496       1       sun.reflect.annotation.TypeAnnotationParser::buildAnnotatedTypes (314 bytes)
Event: 26.430 Thread 0x0000023000270a70 nmethod 5491 0x0000023078d80310 code [0x0000023078d80540, 0x0000023078d80a28]
Event: 26.430 Thread 0x0000023000270a70 5495       1       java.lang.reflect.Executable::getAllGenericParameterTypes (172 bytes)
Event: 26.430 Thread 0x0000023006b7dc10 nmethod 5494 0x0000023078d80d10 code [0x0000023078d80ec0, 0x0000023078d81038]
Event: 26.430 Thread 0x0000023006b7dc10 5497       1       org.hibernate.validator.internal.properties.javabean.JavaBeanExecutable::recomputeParameterAnnotationsForJDK8303112 (119 bytes)
Event: 26.431 Thread 0x0000023006b7dc10 nmethod 5497 0x0000023078d81190 code [0x0000023078d81380, 0x0000023078d81ad8]
Event: 26.431 Thread 0x0000023006b7dc10 5498       1       java.lang.Class::getSimpleName (36 bytes)
Event: 26.432 Thread 0x0000023006b7dc10 nmethod 5498 0x0000023078d81e90 code [0x0000023078d82060, 0x0000023078d82240]
Event: 26.432 Thread 0x0000023000270a70 nmethod 5495 0x0000023078d82310 code [0x0000023078d825c0, 0x0000023078d82e78]
Event: 26.432 Thread 0x0000023000a85c80 nmethod 5496 0x0000023078d83390 code [0x0000023078d83660, 0x0000023078d84340]
Event: 26.445 Thread 0x0000023000a85c80 5499       1       org.hibernate.mapping.Property::getName (5 bytes)

GC Heap History (20 events):
Event: 11.369 GC heap before
{Heap before GC invocations=9 (full 0):
 garbage-first heap   total 43008K, used 20503K [0x00000000a2200000, 0x0000000100000000)
  region size 1024K, 6 young (6144K), 3 survivors (3072K)
 Metaspace       used 35809K, committed 36096K, reserved 1114112K
  class space    used 4670K, committed 4800K, reserved 1048576K
}
Event: 11.372 GC heap after
{Heap after GC invocations=10 (full 0):
 garbage-first heap   total 43008K, used 18761K [0x00000000a2200000, 0x0000000100000000)
  region size 1024K, 2 young (2048K), 2 survivors (2048K)
 Metaspace       used 35809K, committed 36096K, reserved 1114112K
  class space    used 4670K, committed 4800K, reserved 1048576K
}
Event: 12.450 GC heap before
{Heap before GC invocations=11 (full 0):
 garbage-first heap   total 43008K, used 37193K [0x00000000a2200000, 0x0000000100000000)
  region size 1024K, 20 young (20480K), 2 survivors (2048K)
 Metaspace       used 38515K, committed 38848K, reserved 1114112K
  class space    used 5111K, committed 5248K, reserved 1048576K
}
Event: 12.454 GC heap after
{Heap after GC invocations=12 (full 0):
 garbage-first heap   total 43008K, used 20480K [0x00000000a2200000, 0x0000000100000000)
  region size 1024K, 3 young (3072K), 3 survivors (3072K)
 Metaspace       used 38515K, committed 38848K, reserved 1114112K
  class space    used 5111K, committed 5248K, reserved 1048576K
}
Event: 14.135 GC heap before
{Heap before GC invocations=12 (full 0):
 garbage-first heap   total 43008K, used 35840K [0x00000000a2200000, 0x0000000100000000)
  region size 1024K, 19 young (19456K), 3 survivors (3072K)
 Metaspace       used 41020K, committed 41472K, reserved 1114112K
  class space    used 5478K, committed 5696K, reserved 1048576K
}
Event: 14.140 GC heap after
{Heap after GC invocations=13 (full 0):
 garbage-first heap   total 43008K, used 21759K [0x00000000a2200000, 0x0000000100000000)
  region size 1024K, 2 young (2048K), 2 survivors (2048K)
 Metaspace       used 41020K, committed 41472K, reserved 1114112K
  class space    used 5478K, committed 5696K, reserved 1048576K
}
Event: 15.492 GC heap before
{Heap before GC invocations=13 (full 0):
 garbage-first heap   total 43008K, used 36095K [0x00000000a2200000, 0x0000000100000000)
  region size 1024K, 17 young (17408K), 2 survivors (2048K)
 Metaspace       used 42535K, committed 43008K, reserved 1114112K
  class space    used 5684K, committed 5888K, reserved 1048576K
}
Event: 15.495 GC heap after
{Heap after GC invocations=14 (full 0):
 garbage-first heap   total 43008K, used 22215K [0x00000000a2200000, 0x0000000100000000)
  region size 1024K, 2 young (2048K), 2 survivors (2048K)
 Metaspace       used 42535K, committed 43008K, reserved 1114112K
  class space    used 5684K, committed 5888K, reserved 1048576K
}
Event: 16.293 GC heap before
{Heap before GC invocations=15 (full 0):
 garbage-first heap   total 43008K, used 36551K [0x00000000a2200000, 0x0000000100000000)
  region size 1024K, 17 young (17408K), 2 survivors (2048K)
 Metaspace       used 45762K, committed 46208K, reserved 1114112K
  class space    used 6143K, committed 6336K, reserved 1048576K
}
Event: 16.296 GC heap after
{Heap after GC invocations=16 (full 0):
 garbage-first heap   total 43008K, used 23043K [0x00000000a2200000, 0x0000000100000000)
  region size 1024K, 2 young (2048K), 2 survivors (2048K)
 Metaspace       used 45762K, committed 46208K, reserved 1114112K
  class space    used 6143K, committed 6336K, reserved 1048576K
}
Event: 17.081 GC heap before
{Heap before GC invocations=16 (full 0):
 garbage-first heap   total 43008K, used 37379K [0x00000000a2200000, 0x0000000100000000)
  region size 1024K, 16 young (16384K), 2 survivors (2048K)
 Metaspace       used 49139K, committed 49600K, reserved 1114112K
  class space    used 6756K, committed 6976K, reserved 1048576K
}
Event: 17.084 GC heap after
{Heap after GC invocations=17 (full 0):
 garbage-first heap   total 43008K, used 23519K [0x00000000a2200000, 0x0000000100000000)
  region size 1024K, 2 young (2048K), 2 survivors (2048K)
 Metaspace       used 49139K, committed 49600K, reserved 1114112K
  class space    used 6756K, committed 6976K, reserved 1048576K
}
Event: 24.323 GC heap before
{Heap before GC invocations=17 (full 0):
 garbage-first heap   total 43008K, used 35807K [0x00000000a2200000, 0x0000000100000000)
  region size 1024K, 15 young (15360K), 2 survivors (2048K)
 Metaspace       used 53655K, committed 54208K, reserved 1114112K
  class space    used 7329K, committed 7552K, reserved 1048576K
}
Event: 24.328 GC heap after
{Heap after GC invocations=18 (full 0):
 garbage-first heap   total 43008K, used 24562K [0x00000000a2200000, 0x0000000100000000)
  region size 1024K, 2 young (2048K), 2 survivors (2048K)
 Metaspace       used 53655K, committed 54208K, reserved 1114112K
  class space    used 7329K, committed 7552K, reserved 1048576K
}
Event: 25.161 GC heap before
{Heap before GC invocations=19 (full 0):
 garbage-first heap   total 43008K, used 36850K [0x00000000a2200000, 0x0000000100000000)
  region size 1024K, 14 young (14336K), 2 survivors (2048K)
 Metaspace       used 56345K, committed 56896K, reserved 1114112K
  class space    used 7734K, committed 8000K, reserved 1048576K
}
Event: 25.165 GC heap after
{Heap after GC invocations=20 (full 0):
 garbage-first heap   total 43008K, used 25523K [0x00000000a2200000, 0x0000000100000000)
  region size 1024K, 2 young (2048K), 2 survivors (2048K)
 Metaspace       used 56345K, committed 56896K, reserved 1114112K
  class space    used 7734K, committed 8000K, reserved 1048576K
}
Event: 25.817 GC heap before
{Heap before GC invocations=20 (full 0):
 garbage-first heap   total 43008K, used 35763K [0x00000000a2200000, 0x0000000100000000)
  region size 1024K, 13 young (13312K), 2 survivors (2048K)
 Metaspace       used 57826K, committed 58368K, reserved 1114112K
  class space    used 7944K, committed 8192K, reserved 1048576K
}
Event: 25.822 GC heap after
{Heap after GC invocations=21 (full 0):
 garbage-first heap   total 43008K, used 26324K [0x00000000a2200000, 0x0000000100000000)
  region size 1024K, 2 young (2048K), 2 survivors (2048K)
 Metaspace       used 57826K, committed 58368K, reserved 1114112K
  class space    used 7944K, committed 8192K, reserved 1048576K
}
Event: 26.419 GC heap before
{Heap before GC invocations=21 (full 0):
 garbage-first heap   total 43008K, used 37588K [0x00000000a2200000, 0x0000000100000000)
  region size 1024K, 13 young (13312K), 2 survivors (2048K)
 Metaspace       used 59162K, committed 59648K, reserved 1114112K
  class space    used 8118K, committed 8320K, reserved 1048576K
}
Event: 26.422 GC heap after
{Heap after GC invocations=22 (full 0):
 garbage-first heap   total 43008K, used 26913K [0x00000000a2200000, 0x0000000100000000)
  region size 1024K, 1 young (1024K), 1 survivors (1024K)
 Metaspace       used 59162K, committed 59648K, reserved 1114112K
  class space    used 8118K, committed 8320K, reserved 1048576K
}

Dll operation events (3 events):
Event: 0.094 Loaded shared library C:\Program Files\Android\Android Studio\jbr\bin\java.dll
Event: 0.143 Loaded shared library C:\Program Files\Android\Android Studio\jbr\bin\zip.dll
Event: 16.528 Loaded shared library C:\Program Files\Android\Android Studio\jbr\bin\verify.dll

Deoptimization events (0 events):
No events

Classes loaded (20 events):
Event: 25.502 Loading class sun/security/provider/ByteArrayAccess$LE
Event: 25.504 Loading class sun/security/provider/ByteArrayAccess$LE done
Event: 25.504 Loading class java/math/MutableBigInteger
Event: 25.506 Loading class java/math/MutableBigInteger done
Event: 25.749 Loading class java/io/StringWriter
Event: 25.750 Loading class java/io/StringWriter done
Event: 25.867 Loading class javax/naming/RefAddr
Event: 25.868 Loading class javax/naming/RefAddr done
Event: 25.868 Loading class javax/naming/StringRefAddr
Event: 25.868 Loading class javax/naming/StringRefAddr done
Event: 26.112 Loading class java/util/concurrent/CompletionStage
Event: 26.114 Loading class java/util/concurrent/CompletionStage done
Event: 26.115 Loading class java/util/concurrent/CompletableFuture
Event: 26.137 Loading class java/util/concurrent/CompletableFuture done
Event: 26.137 Loading class java/util/concurrent/CompletableFuture$AltResult
Event: 26.139 Loading class java/util/concurrent/CompletableFuture$AltResult done
Event: 26.139 Loading class java/util/concurrent/CompletableFuture$Completion
Event: 26.139 Loading class java/util/concurrent/CompletableFuture$AsynchronousCompletionTask
Event: 26.140 Loading class java/util/concurrent/CompletableFuture$AsynchronousCompletionTask done
Event: 26.140 Loading class java/util/concurrent/CompletableFuture$Completion done

Classes unloaded (20 events):
Event: 24.352 Thread 0x00000230001f5fd0 Unloading class 0x0000000100093800 'java/lang/invoke/LambdaForm$MH+0x0000000100093800'
Event: 24.352 Thread 0x00000230001f5fd0 Unloading class 0x0000000100092c00 'java/lang/invoke/LambdaForm$MH+0x0000000100092c00'
Event: 24.352 Thread 0x00000230001f5fd0 Unloading class 0x0000000100091c00 'java/lang/invoke/LambdaForm$MH+0x0000000100091c00'
Event: 24.352 Thread 0x00000230001f5fd0 Unloading class 0x0000000100091000 'java/lang/invoke/LambdaForm$MH+0x0000000100091000'
Event: 24.352 Thread 0x00000230001f5fd0 Unloading class 0x0000000100090800 'java/lang/invoke/LambdaForm$MH+0x0000000100090800'
Event: 26.446 Thread 0x00000230001f5fd0 Unloading class 0x0000000100501c00 'java/lang/invoke/LambdaForm$MH+0x0000000100501c00'
Event: 26.446 Thread 0x00000230001f5fd0 Unloading class 0x00000001004d8000 'java/lang/invoke/LambdaForm$MH+0x00000001004d8000'
Event: 26.446 Thread 0x00000230001f5fd0 Unloading class 0x00000001004b2800 'java/lang/invoke/LambdaForm$MH+0x00000001004b2800'
Event: 26.446 Thread 0x00000230001f5fd0 Unloading class 0x00000001004b2400 'java/lang/invoke/LambdaForm$MH+0x00000001004b2400'
Event: 26.446 Thread 0x00000230001f5fd0 Unloading class 0x00000001004b0800 'java/lang/invoke/LambdaForm$MH+0x00000001004b0800'
Event: 26.446 Thread 0x00000230001f5fd0 Unloading class 0x00000001004b0400 'java/lang/invoke/LambdaForm$MH+0x00000001004b0400'
Event: 26.446 Thread 0x00000230001f5fd0 Unloading class 0x00000001004af800 'java/lang/invoke/LambdaForm$MH+0x00000001004af800'
Event: 26.446 Thread 0x00000230001f5fd0 Unloading class 0x00000001004ae000 'java/lang/invoke/LambdaForm$MH+0x00000001004ae000'
Event: 26.446 Thread 0x00000230001f5fd0 Unloading class 0x00000001004adc00 'java/lang/invoke/LambdaForm$MH+0x00000001004adc00'
Event: 26.446 Thread 0x00000230001f5fd0 Unloading class 0x00000001004ad800 'java/lang/invoke/LambdaForm$MH+0x00000001004ad800'
Event: 26.446 Thread 0x00000230001f5fd0 Unloading class 0x00000001004ad400 'java/lang/invoke/LambdaForm$MH+0x00000001004ad400'
Event: 26.446 Thread 0x00000230001f5fd0 Unloading class 0x0000000100488800 'java/lang/invoke/LambdaForm$DMH+0x0000000100488800'
Event: 26.446 Thread 0x00000230001f5fd0 Unloading class 0x0000000100488000 'java/lang/invoke/LambdaForm$DMH+0x0000000100488000'
Event: 26.446 Thread 0x00000230001f5fd0 Unloading class 0x000000010011d800 'java/lang/invoke/LambdaForm$MH+0x000000010011d800'
Event: 26.446 Thread 0x00000230001f5fd0 Unloading class 0x0000000100094000 'java/lang/invoke/LambdaForm$MH+0x0000000100094000'

Classes redefined (0 events):
No events

Internal exceptions (20 events):
Event: 13.857 Thread 0x0000023000cca1a0 Exception <a 'sun/nio/fs/WindowsException'{0x00000000a42fc4d0}> (0x00000000a42fc4d0) 
thrown [s\src\hotspot\share\prims\jni.cpp, line 537]
Event: 13.859 Thread 0x0000023000cca1a0 Exception <a 'java/lang/NoSuchMethodError'{0x00000000a4101a08}: 'java.lang.Object java.lang.invoke.DirectMethodHandle$Holder.invokeStaticInit(java.lang.Object, java.lang.Object, int, int, int, int)'> (0x00000000a4101a08) 
thrown [s\src\hotspot\share\interpreter\linkResolver.cpp, line 784]
Event: 15.168 Thread 0x0000023000cca1a0 Exception <a 'java/lang/NoSuchMethodError'{0x00000000a7b2a780}: 'int java.lang.invoke.DirectMethodHandle$Holder.invokeVirtual(java.lang.Object, java.lang.Object, java.lang.Object, java.lang.Object)'> (0x00000000a7b2a780) 
thrown [s\src\hotspot\share\interpreter\linkResolver.cpp, line 784]
Event: 15.261 Thread 0x0000023000cca1a0 Exception <a 'java/io/FileNotFoundException'{0x00000000a79612f8}> (0x00000000a79612f8) 
thrown [s\src\hotspot\share\prims\jni.cpp, line 537]
Event: 15.297 Thread 0x0000023000cca1a0 Exception <a 'java/lang/NoSuchMethodError'{0x00000000a47c2b38}: 'int java.lang.invoke.DirectMethodHandle$Holder.invokeInterface(java.lang.Object, java.lang.Object, java.lang.Object, java.lang.Object)'> (0x00000000a47c2b38) 
thrown [s\src\hotspot\share\interpreter\linkResolver.cpp, line 784]
Event: 15.383 Thread 0x0000023000cca1a0 Exception <a 'java/lang/NoSuchMethodError'{0x00000000a4387f38}: 'long java.lang.invoke.DirectMethodHandle$Holder.invokeVirtual(java.lang.Object, java.lang.Object)'> (0x00000000a4387f38) 
thrown [s\src\hotspot\share\interpreter\linkResolver.cpp, line 784]
Event: 15.390 Thread 0x0000023000cca1a0 Exception <a 'java/io/FileNotFoundException'{0x00000000a43b4070}> (0x00000000a43b4070) 
thrown [s\src\hotspot\share\prims\jni.cpp, line 537]
Event: 15.524 Thread 0x0000023000cca1a0 Exception <a 'java/lang/NoSuchMethodError'{0x00000000a7fbee50}: 'java.lang.Object java.lang.invoke.DirectMethodHandle$Holder.newInvokeSpecial(java.lang.Object, java.lang.Object, java.lang.Object, java.lang.Object, java.lang.Object, java.lang.Object, java.lang.Object, java.lang.Object, java.lang.Object, java.lang.Object, java.lang.Object)'> (0x00000000a7fbee50) 
thrown [s\src\hotspot\share\interpreter\linkResolver.cpp, line 784]
Event: 15.706 Thread 0x0000023000cca1a0 Exception <a 'java/lang/NoSuchMethodError'{0x00000000a452ed30}: 'void java.lang.invoke.DelegatingMethodHandle$Holder.reinvoke_L(java.lang.Object, java.lang.Object, java.lang.Object, java.lang.Object, int, java.lang.Object, java.lang.Object, java.lang.Object)'> (0x00000000a452ed30) 
thrown [s\src\hotspot\share\interpreter\linkResolver.cpp, line 784]
Event: 17.274 Thread 0x0000023000cca1a0 Exception <a 'java/lang/NoSuchMethodError'{0x00000000a7ac1f70}: 'int java.lang.invoke.DirectMethodHandle$Holder.invokeStatic(java.lang.Object)'> (0x00000000a7ac1f70) 
thrown [s\src\hotspot\share\interpreter\linkResolver.cpp, line 784]
Event: 17.333 Thread 0x0000023000cca1a0 Exception <a 'java/lang/NoSuchMethodError'{0x00000000a799c380}: method resolution failed> (0x00000000a799c380) 
thrown [s\src\hotspot\share\prims\methodHandles.cpp, line 1144]
Event: 17.756 Thread 0x0000023000cca1a0 Exception <a 'sun/nio/fs/WindowsException'{0x00000000a469c448}> (0x00000000a469c448) 
thrown [s\src\hotspot\share\prims\jni.cpp, line 537]
Event: 17.822 Thread 0x0000023000cca1a0 Exception <a 'java/lang/NoSuchMethodError'{0x00000000a45a0800}: 'int java.lang.invoke.DirectMethodHandle$Holder.invokeInterface(java.lang.Object, java.lang.Object, int)'> (0x00000000a45a0800) 
thrown [s\src\hotspot\share\interpreter\linkResolver.cpp, line 784]
Event: 17.822 Thread 0x0000023000cca1a0 Exception <a 'java/lang/IncompatibleClassChangeError'{0x00000000a45a3dd8}: Found class java.lang.Object, but interface was expected> (0x00000000a45a3dd8) 
thrown [s\src\hotspot\share\interpreter\linkResolver.cpp, line 851]
Event: 24.448 Thread 0x0000023000cca1a0 Exception <a 'java/lang/NoSuchMethodError'{0x00000000a7b20a30}: 'java.lang.Object java.lang.invoke.DirectMethodHandle$Holder.invokeStaticInit(java.lang.Object, java.lang.Object, java.lang.Object, java.lang.Object)'> (0x00000000a7b20a30) 
thrown [s\src\hotspot\share\interpreter\linkResolver.cpp, line 784]
Event: 24.478 Thread 0x0000023000cca1a0 Exception <a 'java/lang/NoSuchMethodError'{0x00000000a7be20b0}: 'int java.lang.invoke.Invokers$Holder.invokeExact_MT(java.lang.Object, java.lang.Object)'> (0x00000000a7be20b0) 
thrown [s\src\hotspot\share\interpreter\linkResolver.cpp, line 784]
Event: 25.533 Thread 0x0000023000cca1a0 Exception <a 'java/lang/NoSuchMethodError'{0x00000000a45c4970}: 'java.lang.Object java.lang.invoke.DirectMethodHandle$Holder.invokeStatic(java.lang.Object, java.lang.Object, int, java.lang.Object, java.lang.Object)'> (0x00000000a45c4970) 
thrown [s\src\hotspot\share\interpreter\linkResolver.cpp, line 784]
Event: 25.534 Thread 0x0000023000cca1a0 Exception <a 'java/lang/NoSuchMethodError'{0x00000000a45cbab8}: 'java.lang.Object java.lang.invoke.DirectMethodHandle$Holder.newInvokeSpecial(java.lang.Object, java.lang.Object, int, java.lang.Object)'> (0x00000000a45cbab8) 
thrown [s\src\hotspot\share\interpreter\linkResolver.cpp, line 784]
Event: 25.535 Thread 0x0000023000cca1a0 Exception <a 'java/lang/NoSuchMethodError'{0x00000000a45cf498}: 'java.lang.Object java.lang.invoke.Invokers$Holder.linkToTargetMethod(java.lang.Object, int, java.lang.Object, java.lang.Object)'> (0x00000000a45cf498) 
thrown [s\src\hotspot\share\interpreter\linkResolver.cpp, line 784]
Event: 25.623 Thread 0x0000023000cca1a0 Exception <a 'java/lang/NoSuchMethodError'{0x00000000a433c188}: 'java.lang.Object java.lang.invoke.DirectMethodHandle$Holder.invokeSpecial(java.lang.Object, java.lang.Object, java.lang.Object, long, long)'> (0x00000000a433c188) 
thrown [s\src\hotspot\share\interpreter\linkResolver.cpp, line 784]

ZGC Phase Switch (0 events):
No events

VM Operations (20 events):
Event: 23.573 Executing VM operation: Cleanup done
Event: 24.323 Executing VM operation: G1CollectForAllocation (G1 Evacuation Pause)
Event: 24.328 Executing VM operation: G1CollectForAllocation (G1 Evacuation Pause) done
Event: 24.350 Executing VM operation: G1PauseRemark
Event: 24.365 Executing VM operation: G1PauseRemark done
Event: 24.376 Executing VM operation: G1PauseCleanup
Event: 24.377 Executing VM operation: G1PauseCleanup done
Event: 25.029 Executing VM operation: HandshakeAllThreads (Deoptimize)
Event: 25.029 Executing VM operation: HandshakeAllThreads (Deoptimize) done
Event: 25.161 Executing VM operation: G1CollectForAllocation (G1 Evacuation Pause)
Event: 25.165 Executing VM operation: G1CollectForAllocation (G1 Evacuation Pause) done
Event: 25.529 Executing VM operation: HandshakeAllThreads (Deoptimize)
Event: 25.529 Executing VM operation: HandshakeAllThreads (Deoptimize) done
Event: 25.713 Executing VM operation: HandshakeAllThreads (Deoptimize)
Event: 25.713 Executing VM operation: HandshakeAllThreads (Deoptimize) done
Event: 25.817 Executing VM operation: G1CollectForAllocation (G1 Evacuation Pause)
Event: 25.822 Executing VM operation: G1CollectForAllocation (G1 Evacuation Pause) done
Event: 26.419 Executing VM operation: G1CollectForAllocation (G1 Evacuation Pause)
Event: 26.422 Executing VM operation: G1CollectForAllocation (G1 Evacuation Pause) done
Event: 26.445 Executing VM operation: G1PauseRemark

Memory protections (0 events):
No events

Nmethod flushes (20 events):
Event: 15.511 Thread 0x00000230001f5fd0 flushing  nmethod 0x00000230788ebf90
Event: 15.511 Thread 0x00000230001f5fd0 flushing  nmethod 0x000002307899d690
Event: 15.511 Thread 0x00000230001f5fd0 flushing  nmethod 0x000002307899dd90
Event: 15.511 Thread 0x00000230001f5fd0 flushing  nmethod 0x0000023078841b10
Event: 15.511 Thread 0x00000230001f5fd0 flushing  nmethod 0x00000230788c3490
Event: 15.511 Thread 0x00000230001f5fd0 flushing  nmethod 0x00000230788e2290
Event: 24.363 Thread 0x00000230001f5fd0 flushing  nmethod 0x0000023078521890
Event: 24.363 Thread 0x00000230001f5fd0 flushing  nmethod 0x00000230785ddf90
Event: 24.363 Thread 0x00000230001f5fd0 flushing  nmethod 0x00000230785deb10
Event: 24.363 Thread 0x00000230001f5fd0 flushing  nmethod 0x00000230789a8110
Event: 24.363 Thread 0x00000230001f5fd0 flushing  nmethod 0x0000023078aa8910
Event: 24.363 Thread 0x00000230001f5fd0 flushing  nmethod 0x0000023078657590
Event: 24.363 Thread 0x00000230001f5fd0 flushing  nmethod 0x0000023078916f90
Event: 24.363 Thread 0x00000230001f5fd0 flushing  nmethod 0x00000230789c5990
Event: 24.363 Thread 0x00000230001f5fd0 flushing  nmethod 0x00000230788a3e10
Event: 24.363 Thread 0x00000230001f5fd0 flushing  nmethod 0x0000023078a16c10
Event: 26.451 Thread 0x00000230001f5fd0 flushing  nmethod 0x0000023078404010
Event: 26.451 Thread 0x00000230001f5fd0 flushing  nmethod 0x0000023078520e10
Event: 26.451 Thread 0x00000230001f5fd0 flushing  nmethod 0x000002307893d290
Event: 26.451 Thread 0x00000230001f5fd0 flushing  nmethod 0x000002307880a890

Events (20 events):
Event: 0.743 Loaded shared library C:\Program Files\Android\Android Studio\jbr\bin\nio.dll
Event: 0.774 Loaded shared library C:\Program Files\Android\Android Studio\jbr\bin\zip.dll
Event: 1.500 Loaded shared library C:\Program Files\Android\Android Studio\jbr\bin\jimage.dll
Event: 2.276 Loaded shared library C:\Program Files\Android\Android Studio\jbr\bin\management.dll
Event: 2.298 Loaded shared library C:\Program Files\Android\Android Studio\jbr\bin\management_ext.dll
Event: 2.422 Thread 0x0000023072e49f80 Thread added: 0x0000023000cc9b30
Event: 2.428 Thread 0x0000023000cc9b30 Thread added: 0x0000023000cca1a0
Event: 3.660 Thread 0x0000023000cca1a0 Thread added: 0x0000023005093630
Event: 5.559 Thread 0x0000023000cca1a0 Thread added: 0x0000023005881a00
Event: 5.613 Thread 0x0000023005093630 Thread exited: 0x0000023005093630
Event: 5.785 Thread 0x0000023005881a00 Thread exited: 0x0000023005881a00
Event: 15.400 Thread 0x0000023000cca1a0 Thread added: 0x0000023005f63470
Event: 15.403 Thread 0x0000023000cca1a0 Thread added: 0x0000023005f63ae0
Event: 15.408 Thread 0x0000023000cca1a0 Thread added: 0x0000023005dffc20
Event: 17.518 Loaded shared library C:\Program Files\Android\Android Studio\jbr\bin\extnet.dll
Event: 21.873 Thread 0x0000023000cca1a0 Thread added: 0x0000023005645b50
Event: 23.580 Thread 0x0000023000cca1a0 Thread added: 0x0000023000aba3b0
Event: 23.698 Thread 0x0000023000aba3b0 Thread added: 0x0000023006908c00
Event: 25.236 Thread 0x0000023000270a70 Thread added: 0x0000023000a85c80
Event: 25.318 Thread 0x0000023000a85c80 Thread added: 0x0000023006b7dc10


Dynamic libraries:
0x00007ff757960000 - 0x00007ff75796a000 	C:\Program Files\Android\Android Studio\jbr\bin\java.exe
0x00007ffb60e60000 - 0x00007ffb610c7000 	C:\WINDOWS\SYSTEM32\ntdll.dll
0x00007ffb60470000 - 0x00007ffb60539000 	C:\WINDOWS\System32\KERNEL32.DLL
0x00007ffb5e740000 - 0x00007ffb5eb2f000 	C:\WINDOWS\System32\KERNELBASE.dll
0x00007ffb5e480000 - 0x00007ffb5e5cb000 	C:\WINDOWS\System32\ucrtbase.dll
0x00007ffb58f70000 - 0x00007ffb58f8b000 	C:\Program Files\Android\Android Studio\jbr\bin\VCRUNTIME140.dll
0x00007ffb33670000 - 0x00007ffb33688000 	C:\Program Files\Android\Android Studio\jbr\bin\jli.dll
0x00007ffb5f980000 - 0x00007ffb5fb45000 	C:\WINDOWS\System32\USER32.dll
0x00007ffb3f8a0000 - 0x00007ffb3fb33000 	C:\WINDOWS\WinSxS\amd64_microsoft.windows.common-controls_6595b64144ccf1df_6.0.26100.7309_none_3e05feeae336a044\COMCTL32.dll
0x00007ffb5ebd0000 - 0x00007ffb5ebf7000 	C:\WINDOWS\System32\win32u.dll
0x00007ffb60190000 - 0x00007ffb601bb000 	C:\WINDOWS\System32\GDI32.dll
0x00007ffb60540000 - 0x00007ffb605e9000 	C:\WINDOWS\System32\msvcrt.dll
0x00007ffb5dfb0000 - 0x00007ffb5e0dc000 	C:\WINDOWS\System32\gdi32full.dll
0x00007ffb5e260000 - 0x00007ffb5e303000 	C:\WINDOWS\System32\msvcp_win.dll
0x00007ffb60ca0000 - 0x00007ffb60cd1000 	C:\WINDOWS\System32\IMM32.DLL
0x00007ffb58f30000 - 0x00007ffb58f3c000 	C:\Program Files\Android\Android Studio\jbr\bin\vcruntime140_1.dll
0x00007ffa94770000 - 0x00007ffa947fd000 	C:\Program Files\Android\Android Studio\jbr\bin\msvcp140.dll
0x00007ffaaebd0000 - 0x00007ffaaf866000 	C:\Program Files\Android\Android Studio\jbr\bin\server\jvm.dll
0x00007ffb60b70000 - 0x00007ffb60c24000 	C:\WINDOWS\System32\ADVAPI32.dll
0x00007ffb60cf0000 - 0x00007ffb60d96000 	C:\WINDOWS\System32\sechost.dll
0x00007ffb5fbe0000 - 0x00007ffb5fcf8000 	C:\WINDOWS\System32\RPCRT4.dll
0x00007ffb60da0000 - 0x00007ffb60e14000 	C:\WINDOWS\System32\WS2_32.dll
0x00007ffb5de00000 - 0x00007ffb5de5e000 	C:\WINDOWS\SYSTEM32\POWRPROF.dll
0x00007ffb56d90000 - 0x00007ffb56dc5000 	C:\WINDOWS\SYSTEM32\WINMM.dll
0x00007ffb577e0000 - 0x00007ffb577eb000 	C:\WINDOWS\SYSTEM32\VERSION.dll
0x00007ffb5dde0000 - 0x00007ffb5ddf4000 	C:\WINDOWS\SYSTEM32\UMPDC.dll
0x00007ffb5cd20000 - 0x00007ffb5cd3b000 	C:\WINDOWS\SYSTEM32\kernel.appcore.dll
0x00007ffb58ef0000 - 0x00007ffb58efa000 	C:\Program Files\Android\Android Studio\jbr\bin\jimage.dll
0x00007ffb47a40000 - 0x00007ffb47c82000 	C:\WINDOWS\SYSTEM32\DBGHELP.DLL
0x00007ffb607d0000 - 0x00007ffb60b56000 	C:\WINDOWS\System32\combase.dll
0x00007ffb5ff10000 - 0x00007ffb5ffe6000 	C:\WINDOWS\System32\OLEAUT32.dll
0x00007ffb401e0000 - 0x00007ffb4021c000 	C:\WINDOWS\SYSTEM32\dbgcore.DLL
0x00007ffb5e690000 - 0x00007ffb5e735000 	C:\WINDOWS\System32\bcryptPrimitives.dll
0x00007ffb58ea0000 - 0x00007ffb58ec0000 	C:\Program Files\Android\Android Studio\jbr\bin\java.dll
0x00007ffb58920000 - 0x00007ffb58938000 	C:\Program Files\Android\Android Studio\jbr\bin\zip.dll
0x00007ffb5f220000 - 0x00007ffb5f973000 	C:\WINDOWS\System32\SHELL32.dll
0x00007ffb5e310000 - 0x00007ffb5e47a000 	C:\WINDOWS\System32\wintypes.dll
0x00007ffb5bb90000 - 0x00007ffb5c3ee000 	C:\WINDOWS\SYSTEM32\windows.storage.dll
0x00007ffb5fd00000 - 0x00007ffb5fdf5000 	C:\WINDOWS\System32\SHCORE.dll
0x00007ffb60330000 - 0x00007ffb60396000 	C:\WINDOWS\System32\shlwapi.dll
0x00007ffb5ded0000 - 0x00007ffb5def9000 	C:\WINDOWS\SYSTEM32\profapi.dll
0x00007ffb58ee0000 - 0x00007ffb58ef0000 	C:\Program Files\Android\Android Studio\jbr\bin\net.dll
0x00007ffb56b60000 - 0x00007ffb56c88000 	C:\WINDOWS\SYSTEM32\WINHTTP.dll
0x00007ffb5d270000 - 0x00007ffb5d2db000 	C:\WINDOWS\system32\mswsock.dll
0x00007ffb58900000 - 0x00007ffb58916000 	C:\Program Files\Android\Android Studio\jbr\bin\nio.dll
0x00007ffb4a790000 - 0x00007ffb4a799000 	C:\Program Files\Android\Android Studio\jbr\bin\management.dll
0x00007ffb4a780000 - 0x00007ffb4a78b000 	C:\Program Files\Android\Android Studio\jbr\bin\management_ext.dll
0x00007ffb60460000 - 0x00007ffb60468000 	C:\WINDOWS\System32\PSAPI.DLL
0x00007ffb5d660000 - 0x00007ffb5d67b000 	C:\WINDOWS\SYSTEM32\CRYPTSP.dll
0x00007ffb5cc80000 - 0x00007ffb5ccba000 	C:\WINDOWS\system32\rsaenh.dll
0x00007ffb5d320000 - 0x00007ffb5d34b000 	C:\WINDOWS\SYSTEM32\USERENV.dll
0x00007ffb5dea0000 - 0x00007ffb5deca000 	C:\WINDOWS\SYSTEM32\bcrypt.dll
0x00007ffb5d4c0000 - 0x00007ffb5d4cc000 	C:\WINDOWS\SYSTEM32\CRYPTBASE.dll
0x00007ffb5c710000 - 0x00007ffb5c744000 	C:\WINDOWS\SYSTEM32\IPHLPAPI.DLL
0x00007ffb60b60000 - 0x00007ffb60b6a000 	C:\WINDOWS\System32\NSI.dll
0x00007ffb4a6d0000 - 0x00007ffb4a6e0000 	C:\Program Files\Android\Android Studio\jbr\bin\verify.dll
0x00007ffb5c7a0000 - 0x00007ffb5c8cc000 	C:\WINDOWS\SYSTEM32\DNSAPI.dll
0x00007ffb47900000 - 0x00007ffb4790b000 	C:\Windows\System32\rasadhlp.dll
0x00007ffb54290000 - 0x00007ffb54316000 	C:\WINDOWS\System32\fwpuclnt.dll
0x00007ffb4cdd0000 - 0x00007ffb4cdd9000 	C:\Program Files\Android\Android Studio\jbr\bin\extnet.dll

JVMTI agents: none

dbghelp: loaded successfully - version: 4.0.5 - missing functions: none
symbol engine: initialized successfully - sym options: 0x614 - pdb path: .;C:\Program Files\Android\Android Studio\jbr\bin;C:\WINDOWS\SYSTEM32;C:\WINDOWS\WinSxS\amd64_microsoft.windows.common-controls_6595b64144ccf1df_6.0.26100.7309_none_3e05feeae336a044;C:\Program Files\Android\Android Studio\jbr\bin\server

VM Arguments:
jvm_args: -XX:TieredStopAtLevel=1 
java_command: rs.getgo.backend.GetGoBeApplication
java_class_path (initial): C:\Users\dalen\Desktop\S5\Metodologije i razvoj softvera\Project\mrs-team2-TODO-Smisliti-ime\backend\GetGo-BE\target\classes;C:\Users\dalen\.m2\repository\ch\qos\logback\logback-classic\1.5.11\logback-classic-1.5.11.jar;C:\Users\dalen\.m2\repository\ch\qos\logback\logback-core\1.5.11\logback-core-1.5.11.jar;C:\Users\dalen\.m2\repository\org\apache\logging\log4j\log4j-to-slf4j\2.23.1\log4j-to-slf4j-2.23.1.jar;C:\Users\dalen\.m2\repository\org\apache\logging\log4j\log4j-api\2.23.1\log4j-api-2.23.1.jar;C:\Users\dalen\.m2\repository\org\slf4j\jul-to-slf4j\2.0.16\jul-to-slf4j-2.0.16.jar;C:\Users\dalen\.m2\repository\jakarta\annotation\jakarta.annotation-api\2.1.1\jakarta.annotation-api-2.1.1.jar;C:\Users\dalen\.m2\repository\org\yaml\snakeyaml\2.2\snakeyaml-2.2.jar;C:\Users\dalen\.m2\repository\com\fasterxml\jackson\datatype\jackson-datatype-jdk8\2.17.2\jackson-datatype-jdk8-2.17.2.jar;C:\Users\dalen\.m2\repository\com\fasterxml\jackson\datatype\jackson-datatype-jsr310\2.17.2\jackson-datatype-jsr310-2.17.2.jar;C:\Users\dalen\.m2\repository\com\fasterxml\jackson\module\jackson-module-parameter-names\2.17.2\jackson-module-parameter-names-2.17.2.jar;C:\Users\dalen\.m2\repository\org\apache\tomcat\embed\tomcat-embed-core\10.1.31\tomcat-embed-core-10.1.31.jar;C:\Users\dalen\.m2\repository\org\apache\tomcat\embed\tomcat-embed-websocket\10.1.31\tomcat-embed-websocket-10.1.31.jar;C:\Users\dalen\.m2\repository\org\springframework\spring-web\6.1.14\spring-web-6.1.14.jar;C:\Users\dalen\.m2\repository\org\springframework\spring-beans\6.1.14\spring-beans-6.1.14.jar;C:\Users\dalen\.m2\repository\io\micrometer\micrometer-observation\1.13.6\micrometer-observation-1.13.6.jar;C:\Users\dalen\.m2\repository\io\micrometer\micrometer-commons\1.13.6\micrometer-commons-1.13.6.jar;C:\Users\dalen\.m2\repository\org\springframework\spring-webmvc\6.1.14\spring-webmvc-6.1.14.jar;C:\Users\dalen\.m2\repository\org\springframework\spring-context\6.1.14\spring-context-6.1.14.jar;C:\Users\dalen\.m2\repository\org\springframework\spring-expression\6.1.14\spring-expression-6.1.14.jar;C:\Users\dalen\.m2\repository\org\aspectj\aspectjweaver\1.9.22.1\aspectjweaver-1.9.22.1.jar;C:\Users\dalen\.m2\repository\com\zaxxer\HikariCP\5.1.0\HikariCP-5.1.0.jar;C:\Users\dalen\.m2\repository\org\springframework\spring-jdbc\6.1.14\spring-jdbc-6.1.14.jar;C:\Users\dalen\.m2\repository\org\hibernate\orm\hibernate-core\6.5.3.Final\hibernate-core-6.5.3.Final.jar;C:\Users\dalen\.m2\repository\jakarta\persistence\jakarta.persistence-api\3.1.0\jakarta.persistence-api-3.1.0.jar;C:\Users\dalen\.m2\repository\jakarta\transaction\jakarta.transaction-api\2.0.1\jakarta.transaction-api-2.0.1.jar;C:\Users\dalen\.m2\repository\org\jboss\logging\jboss-logging\3.5.3.Final\jboss-logging-3.5.3.Final.jar;C:\Users\dalen\.m2\repository\org\hibernate\common\hibernate-commons-annotations\6.0.6.Final\hibernate-commons-annotations-6.0.6.Final.jar;C:\Users\dalen\.m2\repository\io\smallrye\jandex\3.1.2\jandex-3.1.2.jar;C:\Users\dalen\.m2\repository\com\fasterxml\classmate\1.7.0\classmate-1.7.0.jar;C:\Users\dalen\.m2\repository\net\bytebuddy\byte-buddy\1.14.19\byte-buddy-1.14.19.jar;C:\Users\dalen\.m2\repository\org\glassfish\jaxb\jaxb-runtime\4.0.5\jaxb-runtime-4.0.5.jar;C:\Users\dalen\.m2\repository\org\glassfish\jaxb\jaxb-core\4.0.5\jaxb-core-4.0.5.jar;C:\Users\dalen\.m2\repository\org\glassfish\jaxb\txw2\4.0.5\txw2-4.0.5.jar;C:\Users\dalen\.m2\repository\com\sun\istack\istack-commons-runtime\4.1.2\istack-commons-runtime-4.1.2.jar;C:\Users\dalen\.m2\repository\jakarta\inject\jakarta.inject-api\2.0.1\jakarta.inject-api-2.0.1.jar;C:\Users\dalen\.m2\repository\org\antlr\antlr4-runtime\4.13.0\antlr4-runtime-4.13.0.jar;C:\Users\dalen\.m2\repository\org\springframework\data\spring-data-jpa\3.3.5\spring-data-jpa-3.3.5.jar;C:\Users\dalen\.m2\repository\org\springframework\data\spring-data-commons\3.3.5\spring-data-commons-3.3.5.jar;C:\Users\dalen\.m2\repository\org\springframework\spring-orm\6.1.14\spring-orm-6.1.14.jar;C:\Users\dalen\.m2\repository\org\springframework\spring-tx\6.1.14\spring-tx-6.1.14.jar;C:\Users\dalen\.m2\repository\org\slf4j\slf4j-api\2.0.16\slf4j-api-2.0.16.jar;C:\Users\dalen\.m2\repository\org\springframework\spring-aspects\6.1.14\spring-aspects-6.1.14.jar;C:\Users\dalen\.m2\repository\org\postgresql\postgresql\42.7.4\postgresql-42.7.4.jar;C:\Users\dalen\.m2\repository\org\checkerframework\checker-qual\3.42.0\checker-qual-3.42.0.jar;C:\Users\dalen\.m2\repository\jakarta\xml\bind\jakarta.xml.bind-api\4.0.2\jakarta.xml.bind-api-4.0.2.jar;C:\Users\dalen\.m2\repository\jakarta\activation\jakarta.activation-api\2.1.3\jakarta.activation-api-2.1.3.jar;C:\Users\dalen\.m2\repository\org\springframework\spring-core\6.1.14\spring-core-6.1.14.jar;C:\Users\dalen\.m2\repository\org\springframework\spring-jcl\6.1.14\spring-jcl-6.1.14.jar;C:\Users\dalen\.m2\repository\org\modelmapper\modelmapper\3.1.1\modelmapper-3.1.1.jar;C:\Users\dalen\.m2\repository\org\springframework\spring-context-support\6.1.14\spring-context-support-6.1.14.jar;C:\Users\dalen\.m2\repository\org\eclipse\angus\jakarta.mail\2.0.3\jakarta.mail-2.0.3.jar;C:\Users\dalen\.m2\repository\org\eclipse\angus\angus-activation\2.0.2\angus-activation-2.0.2.jar;C:\Users\dalen\.m2\repository\org\springframework\spring-aop\6.1.14\spring-aop-6.1.14.jar;C:\Users\dalen\.m2\repository\org\springframework\security\spring-security-config\6.3.4\spring-security-config-6.3.4.jar;C:\Users\dalen\.m2\repository\org\springframework\security\spring-security-core\6.3.4\spring-security-core-6.3.4.jar;C:\Users\dalen\.m2\repository\org\springframework\security\spring-security-crypto\6.3.4\spring-security-crypto-6.3.4.jar;C:\Users\dalen\.m2\repository\org\springframework\security\spring-security-web\6.3.4\spring-security-web-6.3.4.jar;C:\Users\dalen\.m2\repository\io\jsonwebtoken\jjwt-api\0.11.5\jjwt-api-0.11.5.jar;C:\Users\dalen\.m2\repository\io\jsonwebtoken\jjwt-impl\0.11.5\jjwt-impl-0.11.5.jar;C:\Users\dalen\.m2\repository\io\jsonwebtoken\jjwt-jackson\0.11.5\jjwt-jackson-0.11.5.jar;C:\Users\dalen\.m2\repository\com\fasterxml\jackson\core\jackson-databind\2.17.2\jackson-databind-2.17.2.jar;C:\Users\dalen\.m2\repository\com\fasterxml\jackson\core\jackson-annotations\2.17.2\jackson-annotations-2.17.2.jar;C:\Users\dalen\.m2\repository\com\fasterxml\jackson\core\jackson-core\2.17.2\jackson-core-2.17.2.jar;C:\Users\dalen\.m2\repository\org\apache\tomcat\embed\tomcat-embed-el\10.1.31\tomcat-embed-el-10.1.31.jar;C:\Users\dalen\.m2\repository\org\hibernate\validator\hibernate-validator\8.0.1.Final\hibernate-validator-8.0.1.Final.jar;C:\Users\dalen\.m2\repository\jakarta\validation\jakarta.validation-api\3.0.2\jakarta.validation-api-3.0.2.jar;C:\Users\dalen\.m2\repository\org\springframework\spring-messaging\6.1.14\spring-messaging-6.1.14.jar;C:\Users\dalen\.m2\repository\org\springframework\spring-websocket\6.1.14\spring-websocket-6.1.14.jar;C:\Users\dalen\.m2\repository\org\springframework\boot\spring-boot-devtools\3.3.5\spring-boot-devtools-3.3.5.jar;C:\Users\dalen\.m2\repository\org\springframework\boot\spring-boot\3.3.5\spring-boot-3.3.5.jar;C:\Users\dalen\.m2\repository\org\springframework\boot\spring-boot-autoconfigure\3.3.5\spring-boot-autoconfigure-3.3.5.jar
Launcher Type: SUN_STANDARD

[Global flags]
     intx CICompilerCount                          = 4                                         {product} {ergonomic}
     uint ConcGCThreads                            = 3                                         {product} {ergonomic}
     uint G1ConcRefinementThreads                  = 10                                        {product} {ergonomic}
   size_t G1HeapRegionSize                         = 1048576                                   {product} {ergonomic}
    uintx GCDrainStackTargetSize                   = 64                                        {product} {ergonomic}
   size_t InitialHeapSize                          = 98566144                                  {product} {ergonomic}
   size_t MarkStackSize                            = 4194304                                   {product} {ergonomic}
   size_t MaxHeapSize                              = 1574961152                                {product} {ergonomic}
   size_t MaxNewSize                               = 944766976                                 {product} {ergonomic}
   size_t MinHeapDeltaBytes                        = 1048576                                   {product} {ergonomic}
   size_t MinHeapSize                              = 8388608                                   {product} {ergonomic}
    uintx NonNMethodCodeHeapSize                   = 4096                                   {pd product} {ergonomic}
    uintx NonProfiledCodeHeapSize                  = 0                                      {pd product} {ergonomic}
     bool ProfileInterpreter                       = false                                  {pd product} {command line}
    uintx ProfiledCodeHeapSize                     = 0                                      {pd product} {ergonomic}
   size_t SoftMaxHeapSize                          = 1574961152                             {manageable} {ergonomic}
     intx TieredStopAtLevel                        = 1                                         {product} {command line}
     bool UseCompressedOops                        = true                           {product lp64_product} {ergonomic}
     bool UseG1GC                                  = true                                      {product} {ergonomic}
     bool UseLargePagesIndividualAllocation        = false                                  {pd product} {ergonomic}

Logging:
Log output configuration:
 #0: stdout all=warning uptime,level,tags foldmultilines=false
 #1: stderr all=off uptime,level,tags foldmultilines=false

Environment Variables:
JAVA_HOME=C:\Program Files\Android\Android Studio\jbr
PATH=C:\Program Files (x86)\Common Files\Oracle\Java\java8path;C:\Program Files (x86)\Common Files\Oracle\Java\javapath;C:\app\dalen\product\21c\dbhomeXE\bin;C:\WINDOWS\system32;C:\WINDOWS;C:\WINDOWS\System32\Wbem;C:\WINDOWS\System32\WindowsPowerShell\v1.0\;C:\WINDOWS\System32\OpenSSH\;C:\Program Files\Go\bin;C:\Program Files\Git\cmd;C:\Program Files\7-Zip\;C:\Program Files\dotnet\;C:\Program Files (x86)\Windows Kits\10\Windows Performance Toolkit\;C:\Program Files\nodejs\;C:\Program Files (x86)\apache-maven-3.9.12\bin;C:\Users\dalen\AppData\Local\Postman\;;C:\Program Files\Docker\Docker\resources\bin;C:\Users\dalen\AppData\Local\Programs\Python\Launcher\;C:\Users\dalen\AppData\Local\Microsoft\WindowsApps;C:\Users\dalen\AppData\Local\Programs\Microsoft VS Code\bin;C:\Users\dalen\go\bin;C:\Program Files\MongoDB\Tools\100\bin;C:\Users\dalen\AppData\Local\Programs\mongosh\;C:\mingw-w64\bin;C:\Users\dalen\.dotnet\tools;C:\Users\dalen\AppData\Roaming\npm;C:\Program Files\Android\Android Studio\jbr\bin;
USERNAME=dalen
OS=Windows_NT
PROCESSOR_IDENTIFIER=AMD64 Family 23 Model 104 Stepping 1, AuthenticAMD
TMP=C:\WINDOWS\TEMP
TEMP=C:\Users\dalen\AppData\Local\Temp




Periodic native trim disabled

JNI global refs:
JNI global refs: 20, weak refs: 0

JNI global refs memory usage: 835, weak refs: 833

Process memory usage:
Resident Set Size: 154660K (2% of 6149880K total physical memory with 331472K free physical memory)

OOME stack traces (most recent first):
Classloader memory used:
Loader jdk.internal.loader.ClassLoaders$AppClassLoader                                 : 40829K
Loader bootstrap                                                                       : 17205K
Loader org.springframework.boot.devtools.restart.classloader.RestartClassLoader        : 707K
Loader jdk.internal.loader.ClassLoaders$PlatformClassLoader                            : 432K
Loader net.bytebuddy.utility.dispatcher.JavaDispatcher$DynamicClassLoader              : 1936B

Classes loaded by more than one classloader:
Class rs.getgo.backend.GetGoBeApplication                                             : loaded 2 times (x 71B)

---------------  S Y S T E M  ---------------

OS:
 Windows 11 , 64 bit Build 26100 (10.0.26100.7623)
OS uptime: 0 days 3:55 hours
Hyper-V role detected

CPU: total 12 (initial active 12) (12 cores per cpu, 2 threads per core) family 23 model 104 stepping 1 microcode 0x8608103, cx8, cmov, fxsr, ht, mmx, 3dnowpref, sse, sse2, sse3, ssse3, sse4a, sse4.1, sse4.2, popcnt, lzcnt, tsc, tscinvbit, avx, avx2, aes, clmul, bmi1, bmi2, adx, sha, fma, vzeroupper, clflush, clflushopt, hv, rdtscp, rdpid, f16c
Processor Information for processor 0
  Max Mhz: 2100, Current Mhz: 2100, Mhz Limit: 2100
Processor Information for processor 1
  Max Mhz: 2100, Current Mhz: 2100, Mhz Limit: 2100
Processor Information for processor 2
  Max Mhz: 2100, Current Mhz: 2100, Mhz Limit: 2100
Processor Information for processor 3
  Max Mhz: 2100, Current Mhz: 2100, Mhz Limit: 2100
Processor Information for processor 4
  Max Mhz: 2100, Current Mhz: 2100, Mhz Limit: 2100
Processor Information for processor 5
  Max Mhz: 2100, Current Mhz: 2100, Mhz Limit: 2100
Processor Information for processor 6
  Max Mhz: 2100, Current Mhz: 2100, Mhz Limit: 2100
Processor Information for processor 7
  Max Mhz: 2100, Current Mhz: 2100, Mhz Limit: 2100
Processor Information for processor 8
  Max Mhz: 2100, Current Mhz: 1813, Mhz Limit: 2100
Processor Information for processor 9
  Max Mhz: 2100, Current Mhz: 1813, Mhz Limit: 2100
Processor Information for processor 10
  Max Mhz: 2100, Current Mhz: 1813, Mhz Limit: 2100
Processor Information for processor 11
  Max Mhz: 2100, Current Mhz: 1813, Mhz Limit: 2100

Memory: 4k page, system-wide physical 6005M (322M free)
TotalPageFile size 24437M (AvailPageFile size 3M)
current process WorkingSet (physical memory assigned to process): 151M, peak: 151M
current process commit charge ("private bytes"): 211M, peak: 215M

vm_info: OpenJDK 64-Bit Server VM (21.0.8+-14196175-b1038.72) for windows-amd64 JRE (21.0.8+-14196175-b1038.72), built on 2025-10-01T10:24:33Z by "builder" with MS VC++ 16.10 / 16.11 (VS2019)

END.
